# JRE version: OpenJDK Runtime Environment (8.0_152-b06) (build 1.8.0_152-release-1136-b06)
# Java VM: OpenJDK 64-Bit Server VM (25.152-b06 mixed mode windows-amd64 compressed oops)
Heap:
 PSYoungGen      total 399872K, used 338469K [0x00000000e0000000, 0x00000000fa680000, 0x0000000100000000)
  eden space 389632K, 86% used [0x00000000e0000000,0x00000000f4a895d8,0x00000000f7c80000)
  from space 10240K, 0% used [0x00000000f8200000,0x00000000f8200000,0x00000000f8c00000)
  to   space 21504K, 0% used [0x00000000f9180000,0x00000000f9180000,0x00000000fa680000)
 ParOldGen       total 150016K, used 49549K [0x00000000a0000000, 0x00000000a9280000, 0x00000000e0000000)
  object space 150016K, 33% used [0x00000000a0000000,0x00000000a3063598,0x00000000a9280000)
 Metaspace       used 90401K, capacity 96007K, committed 98380K, reserved 1134592K
  class space    used 11289K, capacity 12261K, committed 12760K, reserved 1048576K
GC Heap History (10 events):
Event: 2090.392 GC heap before
{Heap before GC invocations=25 (full 3):
 PSYoungGen      total 395776K, used 395566K [0x00000000e0000000, 0x00000000fcb80000, 0x0000000100000000)
  eden space 386560K, 100% used [0x00000000e0000000,0x00000000f7980000,0x00000000f7980000)
  from space 9216K, 97% used [0x00000000fa180000,0x00000000faa4b980,0x00000000faa80000)
  to   space 24064K, 0% used [0x00000000fb400000,0x00000000fb400000,0x00000000fcb80000)
 ParOldGen       total 128512K, used 75151K [0x00000000a0000000, 0x00000000a7d80000, 0x00000000e0000000)
  object space 128512K, 58% used [0x00000000a0000000,0x00000000a4963d40,0x00000000a7d80000)
 Metaspace       used 91194K, capacity 97162K, committed 97368K, reserved 1134592K
  class space    used 11555K, capacity 12632K, committed 12632K, reserved 1048576K
Event: 2090.428 GC heap after
Heap after GC invocations=25 (full 3):
 PSYoungGen      total 380928K, used 10077K [0x00000000e0000000, 0x00000000fbe00000, 0x0000000100000000)
  eden space 370688K, 0% used [0x00000000e0000000,0x00000000e0000000,0x00000000f6a00000)
  from space 10240K, 98% used [0x00000000fb400000,0x00000000fbdd7698,0x00000000fbe00000)
  to   space 23040K, 0% used [0x00000000f9100000,0x00000000f9100000,0x00000000fa780000)
 ParOldGen       total 128512K, used 75159K [0x00000000a0000000, 0x00000000a7d80000, 0x00000000e0000000)
  object space 128512K, 58% used [0x00000000a0000000,0x00000000a4965d40,0x00000000a7d80000)
 Metaspace       used 91194K, capacity 97162K, committed 97368K, reserved 1134592K
  class space    used 11555K, capacity 12632K, committed 12632K, reserved 1048576K
}
Event: 2809.877 GC heap before
{Heap before GC invocations=26 (full 3):
 PSYoungGen      total 380928K, used 380765K [0x00000000e0000000, 0x00000000fbe00000, 0x0000000100000000)
  eden space 370688K, 100% used [0x00000000e0000000,0x00000000f6a00000,0x00000000f6a00000)
  from space 10240K, 98% used [0x00000000fb400000,0x00000000fbdd7698,0x00000000fbe00000)
  to   space 23040K, 0% used [0x00000000f9100000,0x00000000f9100000,0x00000000fa780000)
 ParOldGen       total 128512K, used 75159K [0x00000000a0000000, 0x00000000a7d80000, 0x00000000e0000000)
  object space 128512K, 58% used [0x00000000a0000000,0x00000000a4965d40,0x00000000a7d80000)
 Metaspace       used 91640K, capacity 97748K, committed 98008K, reserved 1134592K
  class space    used 11584K, capacity 12684K, committed 12760K, reserved 1048576K
Event: 2809.938 GC heap after
Heap after GC invocations=26 (full 3):
 PSYoungGen      total 366592K, used 10801K [0x00000000e0000000, 0x00000000fb480000, 0x0000000100000000)
  eden space 355328K, 0% used [0x00000000e0000000,0x00000000e0000000,0x00000000f5b00000)
  from space 11264K, 95% used [0x00000000f9100000,0x00000000f9b8c6e8,0x00000000f9c00000)
  to   space 22016K, 0% used [0x00000000f9f00000,0x00000000f9f00000,0x00000000fb480000)
 ParOldGen       total 128512K, used 75167K [0x00000000a0000000, 0x00000000a7d80000, 0x00000000e0000000)
  object space 128512K, 58% used [0x00000000a0000000,0x00000000a4967d40,0x00000000a7d80000)
 Metaspace       used 91640K, capacity 97748K, committed 98008K, reserved 1134592K
  class space    used 11584K, capacity 12684K, committed 12760K, reserved 1048576K
}
Event: 2816.275 GC heap before
{Heap before GC invocations=27 (full 3):
 PSYoungGen      total 366592K, used 365786K [0x00000000e0000000, 0x00000000fb480000, 0x0000000100000000)
  eden space 355328K, 99% used [0x00000000e0000000,0x00000000f5aaa208,0x00000000f5b00000)
  from space 11264K, 95% used [0x00000000f9100000,0x00000000f9b8c6e8,0x00000000f9c00000)
  to   space 22016K, 0% used [0x00000000f9f00000,0x00000000f9f00000,0x00000000fb480000)
 ParOldGen       total 128512K, used 75167K [0x00000000a0000000, 0x00000000a7d80000, 0x00000000e0000000)
  object space 128512K, 58% used [0x00000000a0000000,0x00000000a4967d40,0x00000000a7d80000)
 Metaspace       used 91790K, capacity 97916K, committed 98008K, reserved 1134592K
  class space    used 11588K, capacity 12690K, committed 12760K, reserved 1048576K
Event: 2816.308 GC heap after
Heap after GC invocations=27 (full 3):
 PSYoungGen      total 356352K, used 14919K [0x00000000e0000000, 0x00000000fae00000, 0x0000000100000000)
  eden space 340992K, 0% used [0x00000000e0000000,0x00000000e0000000,0x00000000f4d00000)
  from space 15360K, 97% used [0x00000000f9f00000,0x00000000fad91e20,0x00000000fae00000)
  to   space 22528K, 0% used [0x00000000f8200000,0x00000000f8200000,0x00000000f9800000)
 ParOldGen       total 128512K, used 75175K [0x00000000a0000000, 0x00000000a7d80000, 0x00000000e0000000)
  object space 128512K, 58% used [0x00000000a0000000,0x00000000a4969d40,0x00000000a7d80000)
 Metaspace       used 91790K, capacity 97916K, committed 98008K, reserved 1134592K
  class space    used 11588K, capacity 12690K, committed 12760K, reserved 1048576K
}
Event: 2816.522 GC heap before
{Heap before GC invocations=28 (full 3):
 PSYoungGen      total 356352K, used 59536K [0x00000000e0000000, 0x00000000fae00000, 0x0000000100000000)
  eden space 340992K, 13% used [0x00000000e0000000,0x00000000e2b92360,0x00000000f4d00000)
  from space 15360K, 97% used [0x00000000f9f00000,0x00000000fad91e20,0x00000000fae00000)
  to   space 22528K, 0% used [0x00000000f8200000,0x00000000f8200000,0x00000000f9800000)
 ParOldGen       total 128512K, used 75175K [0x00000000a0000000, 0x00000000a7d80000, 0x00000000e0000000)
  object space 128512K, 58% used [0x00000000a0000000,0x00000000a4969d40,0x00000000a7d80000)
 Metaspace       used 92171K, capacity 98341K, committed 98380K, reserved 1134592K
  class space    used 11662K, capacity 12760K, committed 12760K, reserved 1048576K
Event: 2816.549 GC heap after
Heap after GC invocations=28 (full 3):
 PSYoungGen      total 399872K, used 9782K [0x00000000e0000000, 0x00000000fa680000, 0x0000000100000000)
  eden space 389632K, 0% used [0x00000000e0000000,0x00000000e0000000,0x00000000f7c80000)
  from space 10240K, 95% used [0x00000000f8200000,0x00000000f8b8dab8,0x00000000f8c00000)
  to   space 21504K, 0% used [0x00000000f9180000,0x00000000f9180000,0x00000000fa680000)
 ParOldGen       total 128512K, used 75183K [0x00000000a0000000, 0x00000000a7d80000, 0x00000000e0000000)
  object space 128512K, 58% used [0x00000000a0000000,0x00000000a496bd40,0x00000000a7d80000)
 Metaspace       used 92171K, capacity 98341K, committed 98380K, reserved 1134592K
  class space    used 11662K, capacity 12760K, committed 12760K, reserved 1048576K
}
Event: 2816.549 GC heap before
{Heap before GC invocations=29 (full 4):
 PSYoungGen      total 399872K, used 9782K [0x00000000e0000000, 0x00000000fa680000, 0x0000000100000000)
  eden space 389632K, 0% used [0x00000000e0000000,0x00000000e0000000,0x00000000f7c80000)
  from space 10240K, 95% used [0x00000000f8200000,0x00000000f8b8dab8,0x00000000f8c00000)
  to   space 21504K, 0% used [0x00000000f9180000,0x00000000f9180000,0x00000000fa680000)
 ParOldGen       total 128512K, used 75183K [0x00000000a0000000, 0x00000000a7d80000, 0x00000000e0000000)
  object space 128512K, 58% used [0x00000000a0000000,0x00000000a496bd40,0x00000000a7d80000)
 Metaspace       used 92171K, capacity 98341K, committed 98380K, reserved 1134592K
  class space    used 11662K, capacity 12760K, committed 12760K, reserved 1048576K
Event: 2816.950 GC heap after
Heap after GC invocations=29 (full 4):
 PSYoungGen      total 399872K, used 0K [0x00000000e0000000, 0x00000000fa680000, 0x0000000100000000)
  eden space 389632K, 0% used [0x00000000e0000000,0x00000000e0000000,0x00000000f7c80000)
  from space 10240K, 0% used [0x00000000f8200000,0x00000000f8200000,0x00000000f8c00000)
  to   space 21504K, 0% used [0x00000000f9180000,0x00000000f9180000,0x00000000fa680000)
 ParOldGen       total 150016K, used 49549K [0x00000000a0000000, 0x00000000a9280000, 0x00000000e0000000)
  object space 150016K, 33% used [0x00000000a0000000,0x00000000a3063598,0x00000000a9280000)
 Metaspace       used 89700K, capacity 94689K, committed 98380K, reserved 1134592K
  class space    used 11181K, capacity 12071K, committed 12760K, reserved 1048576K
}

