# JRE version: OpenJDK Runtime Environment (8.0_152-b06) (build 1.8.0_152-release-1136-b06)
# Java VM: OpenJDK 64-Bit Server VM (25.152-b06 mixed mode windows-amd64 compressed oops)
Heap:
 PSYoungGen      total 479744K, used 356389K [0x00000000e0000000, 0x00000000ffe80000, 0x0000000100000000)
  eden space 439808K, 78% used [0x00000000e0000000,0x00000000f520a1f8,0x00000000fad80000)
  from space 39936K, 25% used [0x00000000fad80000,0x00000000fb77f568,0x00000000fd480000)
  to   space 37888K, 0% used [0x00000000fd980000,0x00000000fd980000,0x00000000ffe80000)
 ParOldGen       total 205824K, used 63151K [0x00000000a0000000, 0x00000000ac900000, 0x00000000e0000000)
  object space 205824K, 30% used [0x00000000a0000000,0x00000000a3dabd48,0x00000000ac900000)
 Metaspace       used 95437K, capacity 102428K, committed 102552K, reserved 1138688K
  class space    used 11943K, capacity 13129K, committed 13232K, reserved 1048576K
GC Heap History (10 events):
Event: 2874.816 GC heap before
{Heap before GC invocations=37 (full 4):
 PSYoungGen      total 431616K, used 400047K [0x00000000e0000000, 0x00000000fd980000, 0x0000000100000000)
  eden space 393728K, 99% used [0x00000000e0000000,0x00000000f806d258,0x00000000f8080000)
  from space 37888K, 16% used [0x00000000fb480000,0x00000000fbabeba8,0x00000000fd980000)
  to   space 45568K, 0% used [0x00000000f8080000,0x00000000f8080000,0x00000000fad00000)
 ParOldGen       total 205824K, used 61979K [0x00000000a0000000, 0x00000000ac900000, 0x00000000e0000000)
  object space 205824K, 30% used [0x00000000a0000000,0x00000000a3c86f38,0x00000000ac900000)
 Metaspace       used 92876K, capacity 97718K, committed 97944K, reserved 1134592K
  class space    used 11657K, capacity 12605K, committed 12720K, reserved 1048576K
Event: 2874.828 GC heap after
Heap after GC invocations=37 (full 4):
 PSYoungGen      total 439296K, used 10917K [0x00000000e0000000, 0x0000000100000000, 0x0000000100000000)
  eden space 393728K, 0% used [0x00000000e0000000,0x00000000e0000000,0x00000000f8080000)
  from space 45568K, 23% used [0x00000000f8080000,0x00000000f8b29548,0x00000000fad00000)
  to   space 44032K, 0% used [0x00000000fd500000,0x00000000fd500000,0x0000000100000000)
 ParOldGen       total 205824K, used 62588K [0x00000000a0000000, 0x00000000ac900000, 0x00000000e0000000)
  object space 205824K, 30% used [0x00000000a0000000,0x00000000a3d1f028,0x00000000ac900000)
 Metaspace       used 92876K, capacity 97718K, committed 97944K, reserved 1134592K
  class space    used 11657K, capacity 12605K, committed 12720K, reserved 1048576K
}
Event: 3078.108 GC heap before
{Heap before GC invocations=38 (full 4):
 PSYoungGen      total 439296K, used 404645K [0x00000000e0000000, 0x0000000100000000, 0x0000000100000000)
  eden space 393728K, 100% used [0x00000000e0000000,0x00000000f8080000,0x00000000f8080000)
  from space 45568K, 23% used [0x00000000f8080000,0x00000000f8b29548,0x00000000fad00000)
  to   space 44032K, 0% used [0x00000000fd500000,0x00000000fd500000,0x0000000100000000)
 ParOldGen       total 205824K, used 62588K [0x00000000a0000000, 0x00000000ac900000, 0x00000000e0000000)
  object space 205824K, 30% used [0x00000000a0000000,0x00000000a3d1f028,0x00000000ac900000)
 Metaspace       used 94020K, capacity 99976K, committed 100248K, reserved 1136640K
  class space    used 11815K, capacity 12891K, committed 12976K, reserved 1048576K
Event: 3078.130 GC heap after
Heap after GC invocations=38 (full 4):
 PSYoungGen      total 475136K, used 5775K [0x00000000e0000000, 0x00000000ffc80000, 0x0000000100000000)
  eden space 434688K, 0% used [0x00000000e0000000,0x00000000e0000000,0x00000000fa880000)
  from space 40448K, 14% used [0x00000000fd500000,0x00000000fdaa3e78,0x00000000ffc80000)
  to   space 43008K, 0% used [0x00000000fa880000,0x00000000fa880000,0x00000000fd280000)
 ParOldGen       total 205824K, used 63127K [0x00000000a0000000, 0x00000000ac900000, 0x00000000e0000000)
  object space 205824K, 30% used [0x00000000a0000000,0x00000000a3da5d48,0x00000000ac900000)
 Metaspace       used 94020K, capacity 99976K, committed 100248K, reserved 1136640K
  class space    used 11815K, capacity 12891K, committed 12976K, reserved 1048576K
}
Event: 3895.639 GC heap before
{Heap before GC invocations=39 (full 4):
 PSYoungGen      total 475136K, used 440463K [0x00000000e0000000, 0x00000000ffc80000, 0x0000000100000000)
  eden space 434688K, 100% used [0x00000000e0000000,0x00000000fa880000,0x00000000fa880000)
  from space 40448K, 14% used [0x00000000fd500000,0x00000000fdaa3e78,0x00000000ffc80000)
  to   space 43008K, 0% used [0x00000000fa880000,0x00000000fa880000,0x00000000fd280000)
 ParOldGen       total 205824K, used 63127K [0x00000000a0000000, 0x00000000ac900000, 0x00000000e0000000)
  object space 205824K, 30% used [0x00000000a0000000,0x00000000a3da5d48,0x00000000ac900000)
 Metaspace       used 94693K, capacity 101378K, committed 101656K, reserved 1138688K
  class space    used 11894K, capacity 13033K, committed 13104K, reserved 1048576K
Event: 3895.651 GC heap after
Heap after GC invocations=39 (full 4):
 PSYoungGen      total 477696K, used 7637K [0x00000000e0000000, 0x00000000fff80000, 0x0000000100000000)
  eden space 434688K, 0% used [0x00000000e0000000,0x00000000e0000000,0x00000000fa880000)
  from space 43008K, 17% used [0x00000000fa880000,0x00000000faff56b8,0x00000000fd280000)
  to   space 41472K, 0% used [0x00000000fd700000,0x00000000fd700000,0x00000000fff80000)
 ParOldGen       total 205824K, used 63135K [0x00000000a0000000, 0x00000000ac900000, 0x00000000e0000000)
  object space 205824K, 30% used [0x00000000a0000000,0x00000000a3da7d48,0x00000000ac900000)
 Metaspace       used 94693K, capacity 101378K, committed 101656K, reserved 1138688K
  class space    used 11894K, capacity 13033K, committed 13104K, reserved 1048576K
}
Event: 5652.173 GC heap before
{Heap before GC invocations=40 (full 4):
 PSYoungGen      total 477696K, used 441342K [0x00000000e0000000, 0x00000000fff80000, 0x0000000100000000)
  eden space 434688K, 99% used [0x00000000e0000000,0x00000000fa78a328,0x00000000fa880000)
  from space 43008K, 17% used [0x00000000fa880000,0x00000000faff56b8,0x00000000fd280000)
  to   space 41472K, 0% used [0x00000000fd700000,0x00000000fd700000,0x00000000fff80000)
 ParOldGen       total 205824K, used 63135K [0x00000000a0000000, 0x00000000ac900000, 0x00000000e0000000)
  object space 205824K, 30% used [0x00000000a0000000,0x00000000a3da7d48,0x00000000ac900000)
 Metaspace       used 94945K, capacity 101754K, committed 101912K, reserved 1138688K
  class space    used 11912K, capacity 13062K, committed 13104K, reserved 1048576K
Event: 5652.234 GC heap after
Heap after GC invocations=40 (full 4):
 PSYoungGen      total 477184K, used 8829K [0x00000000e0000000, 0x00000000ffb80000, 0x0000000100000000)
  eden space 439808K, 0% used [0x00000000e0000000,0x00000000e0000000,0x00000000fad80000)
  from space 37376K, 23% used [0x00000000fd700000,0x00000000fdf9f560,0x00000000ffb80000)
  to   space 39936K, 0% used [0x00000000fad80000,0x00000000fad80000,0x00000000fd480000)
 ParOldGen       total 205824K, used 63143K [0x00000000a0000000, 0x00000000ac900000, 0x00000000e0000000)
  object space 205824K, 30% used [0x00000000a0000000,0x00000000a3da9d48,0x00000000ac900000)
 Metaspace       used 94945K, capacity 101754K, committed 101912K, reserved 1138688K
  class space    used 11912K, capacity 13062K, committed 13104K, reserved 1048576K
}
Event: 5657.309 GC heap before
{Heap before GC invocations=41 (full 4):
 PSYoungGen      total 477184K, used 447983K [0x00000000e0000000, 0x00000000ffb80000, 0x0000000100000000)
  eden space 439808K, 99% used [0x00000000e0000000,0x00000000facdc948,0x00000000fad80000)
  from space 37376K, 23% used [0x00000000fd700000,0x00000000fdf9f560,0x00000000ffb80000)
  to   space 39936K, 0% used [0x00000000fad80000,0x00000000fad80000,0x00000000fd480000)
 ParOldGen       total 205824K, used 63143K [0x00000000a0000000, 0x00000000ac900000, 0x00000000e0000000)
  object space 205824K, 30% used [0x00000000a0000000,0x00000000a3da9d48,0x00000000ac900000)
 Metaspace       used 95011K, capacity 101912K, committed 102168K, reserved 1138688K
  class space    used 11914K, capacity 13064K, committed 13104K, reserved 1048576K
Event: 5657.328 GC heap after
Heap after GC invocations=41 (full 4):
 PSYoungGen      total 479744K, used 10237K [0x00000000e0000000, 0x00000000ffe80000, 0x0000000100000000)
  eden space 439808K, 0% used [0x00000000e0000000,0x00000000e0000000,0x00000000fad80000)
  from space 39936K, 25% used [0x00000000fad80000,0x00000000fb77f568,0x00000000fd480000)
  to   space 37888K, 0% used [0x00000000fd980000,0x00000000fd980000,0x00000000ffe80000)
 ParOldGen       total 205824K, used 63151K [0x00000000a0000000, 0x00000000ac900000, 0x00000000e0000000)
  object space 205824K, 30% used [0x00000000a0000000,0x00000000a3dabd48,0x00000000ac900000)
 Metaspace       used 95011K, capacity 101912K, committed 102168K, reserved 1138688K
  class space    used 11914K, capacity 13064K, committed 13104K, reserved 1048576K
}

